<?xml version="1.0" encoding="UTF-8"?>
<!-- Generated by org.testng.reporters.JUnitXMLReporter -->
<testsuite ignored="0" hostname="DESKTOP-1S6RDGI" failures="0" tests="13" name="module1" time="0.537" errors="0" timestamp="2022-10-17T15:07:56 IST">
  <testcase classname="MVN2.One" name="a" time="0.04"/>
  <testcase classname="MVN2.One" name="b" time="0.012"/>
  <testcase classname="MVN2.One" name="c" time="0.022"/>
  <testcase classname="MVN2.Two" name="e" time="0.014"/>
  <testcase classname="MVN2.Two" name="f" time="0.014"/>
  <testcase classname="MVN2.Two" name="g" time="0.01"/>
  <testcase classname="MVN2.Three" name="a11" time="0.007"/>
  <testcase classname="MVN2.Three" name="b22" time="0.011"/>
  <testcase classname="MVN3.Four" name="a0" time="0.008"/>
  <testcase classname="MVN3.Four" name="b0" time="0.012"/>
  <testcase classname="MVN3.Five" name="a1" time="0.006"/>
  <testcase classname="MVN3.Five" name="b1" time="0.008"/>
  <testcase classname="MVN3.Five" name="c1" time="0.006"/>
</testsuite> <!-- module1 -->
