<?xml version="1.0" encoding="UTF-8"?>
<!-- Generated by org.testng.reporters.JUnitXMLReporter -->
<testsuite ignored="2" hostname="DESKTOP-1S6RDGI" failures="0" tests="6" name="module2" time="0.186" errors="0" timestamp="2022-10-17T15:07:56 IST">
  <testcase classname="MVN4.Six" name="a2" time="0.005"/>
  <testcase classname="MVN4.Six" name="b2" time="0.005"/>
  <testcase classname="MVN4.Seven" name="a3" time="0.026"/>
  <testcase classname="MVN4.Seven" name="b3" time="0.039"/>
  <testcase classname="DemoMVN.MavenProject.TestNGDemo1" name="one" time="0.007"/>
  <testcase classname="DemoMVN.MavenProject.TestNGDemo1" name="two" time="0.007"/>
  <testcase classname="DemoMVN.MavenProject.TestNGDemo1" name="three" time="0.0">
    <ignored/>
  </testcase> <!-- three -->
  <testcase classname="DemoMVN.MavenProject.TestNGDemo1" name="four" time="0.0">
    <ignored/>
  </testcase> <!-- four -->
</testsuite> <!-- module2 -->
